#
# A fatal error has been detected by the Java Runtime Environment:
#
#  EXCEPTION_ACCESS_VIOLATION (0xc0000005) at pc=0x000007fee9787723, pid=7216, tid=10648
#
# JRE version: Java(TM) SE Runtime Environment (8.0_40-b25) (build 1.8.0_40-b25)
# Java VM: Java HotSpot(TM) 64-Bit Server VM (25.40-b25 mixed mode windows-amd64 compressed oops)
# Problematic frame:
# C  [NLPIR.DLL+0x7723]
#
# Failed to write core dump. Minidumps are not enabled by default on client versions of Windows
#
# If you would like to submit a bug report, please visit:
#   http://bugreport.java.com/bugreport/crash.jsp
# The crash happened outside the Java Virtual Machine in native code.
# See problematic frame for where to report the bug.
#

---------------  T H R E A D  ---------------

Current thread (0x000000001ee0a800):  JavaThread "qtp69670055-21" [_thread_in_native, id=10648, stack(0x0000000022a60000,0x0000000022b60000)]

siginfo: ExceptionCode=0xc0000005, writing address 0x0000000000000ce4

Registers:
RAX=0x0000000000000000, RBX=0x0000000000000007, RCX=0x0000000076d9fefa, RDX=0x0000000000000000
RSP=0x0000000022b5c850, RBP=0x0000000022b5c910, RSI=0x0000000023379060, RDI=0x00000000000000ff
R8 =0x0000000022b5c7a8, R9 =0x0000000022b5c910, R10=0x0000000000000000, R11=0x0000000000000000
R12=0x0000000000000000, R13=0x0000000022f21458, R14=0x0000000022b5cd18, R15=0x000000001ee0a800
RIP=0x000007fee9787723, EFLAGS=0x0000000000010206

Top of Stack: (sp=0x0000000022b5c850)
0x0000000022b5c850:   0000000000000007 00000001800098db
0x0000000022b5c860:   cccccccc00000000 00000000000006ac
0x0000000022b5c870:   cccccccccccccccc cccccccccccccccc
0x0000000022b5c880:   cccccccc00000000 0000000022b5ca58
0x0000000022b5c890:   0000000022b5c8f8 0000000022b5ca78
0x0000000022b5c8a0:   00000000000000ff 000007fee9787da2
0x0000000022b5c8b0:   0000000022b5c9f8 0000000000000007
0x0000000022b5c8c0:   0000000023379060 0000000022b5c968
0x0000000022b5c8d0:   0000000022b5c9f8 0000000180011243
0x0000000022b5c8e0:   0000000022f21458 0000000022b5c910
0x0000000022b5c8f0:   0000000000000cc9 000000001ee0a800
0x0000000022b5c900:   0000000000000012 0000000022f1e188
0x0000000022b5c910:   0000000022b5c8e0 0000000800000001
0x0000000022b5c920:   0000000022b5c960 0000000180009d0d
0x0000000022b5c930:   0000000180009690 0000000022b5c968
0x0000000022b5c940:   0000000000000028 000000000000000c 

Instructions: (pc=0x000007fee9787723)
0x000007fee9787703:   00 48 89 5c 24 68 83 ca ff 48 89 74 24 70 48 89
0x000007fee9787713:   7c 24 50 ff 15 74 21 18 00 4c 8b 1d bd e6 20 00
0x000007fee9787723:   41 ff 83 e4 0c 00 00 48 8b 0d 57 e5 20 00 ff 15
0x000007fee9787733:   49 1d 18 00 4c 8b 05 5a e5 20 00 48 8b 15 4b e5 


Register to memory mapping:

RAX=0x0000000000000000 is an unknown value
RBX=0x0000000000000007 is an unknown value
RCX=0x0000000076d9fefa is an unknown value
RDX=0x0000000000000000 is an unknown value
RSP=0x0000000022b5c850 is pointing into the stack for thread: 0x000000001ee0a800
RBP=0x0000000022b5c910 is pointing into the stack for thread: 0x000000001ee0a800
RSI=0x0000000023379060 is an unknown value
RDI=0x00000000000000ff is an unknown value
R8 =0x0000000022b5c7a8 is pointing into the stack for thread: 0x000000001ee0a800
R9 =0x0000000022b5c910 is pointing into the stack for thread: 0x000000001ee0a800
R10=0x0000000000000000 is an unknown value
R11=0x0000000000000000 is an unknown value
R12=0x0000000000000000 is an unknown value
R13={method} {0x0000000022f21460} 'invokePointer' '(I[Ljava/lang/Object;)Lcom/sun/jna/Pointer;' in 'com/sun/jna/Function'
R14=0x0000000022b5cd18 is pointing into the stack for thread: 0x000000001ee0a800
R15=0x000000001ee0a800 is a thread


Stack: [0x0000000022a60000,0x0000000022b60000],  sp=0x0000000022b5c850,  free space=1010k
Native frames: (J=compiled Java code, j=interpreted, Vv=VM code, C=native code)
C  [NLPIR.DLL+0x7723]
C  [NLPIR.DLL+0x7da2]
C  [jna6552780186915128914.tmp+0x11243]
C  [jna6552780186915128914.tmp+0x9d0d]
C  [jna6552780186915128914.tmp+0x1ee7]
C  [jna6552780186915128914.tmp+0x1047]
C  0x000000000f025874

Java frames: (J=compiled Java code, j=interpreted, Vv=VM code)
j  com.sun.jna.Function.invokePointer(I[Ljava/lang/Object;)Lcom/sun/jna/Pointer;+0
j  com.sun.jna.Function.invokeString(I[Ljava/lang/Object;Z)Ljava/lang/String;+3
j  com.sun.jna.Function.invoke([Ljava/lang/Object;Ljava/lang/Class;)Ljava/lang/Object;+507
j  com.sun.jna.Function.invoke(Ljava/lang/Class;[Ljava/lang/Object;Ljava/util/Map;)Ljava/lang/Object;+194
j  com.sun.jna.Library$Handler.invoke(Ljava/lang/Object;Ljava/lang/reflect/Method;[Ljava/lang/Object;)Ljava/lang/Object;+344
j  com.sun.proxy.$Proxy54.NLPIR_GetKeyWords(Ljava/lang/String;IZ)Ljava/lang/String;+30
j  com.sboss.knowledge.core.NlpProcessImpl.keyWordExtractor(Ljava/lang/String;I)Ljava/lang/String;+8
j  com.sboss.knowledge.core.ContentAnalysisServiceImpl.contentAnalysis(Lnet/sf/json/JSONObject;)Lnet/sf/json/JSONObject;+82
j  com.sboss.knowledge.core.GetResultByUserContentServiceImpl.getUserContentResult(Lnet/sf/json/JSONObject;)Lnet/sf/json/JSONObject;+1339
j  com.sboss.knowledge.core.GetResultByUserContentServiceImpl$$FastClassBySpringCGLIB$$5ebc906d.invoke(ILjava/lang/Object;[Ljava/lang/Object;)Ljava/lang/Object;+66
j  org.springframework.cglib.proxy.MethodProxy.invoke(Ljava/lang/Object;[Ljava/lang/Object;)Ljava/lang/Object;+19
j  org.springframework.aop.framework.CglibAopProxy$CglibMethodInvocation.invokeJoinpoint()Ljava/lang/Object;+24
j  org.springframework.aop.framework.ReflectiveMethodInvocation.proceed()Ljava/lang/Object;+19
j  org.springframework.transaction.interceptor.TransactionInterceptor$1.proceedWithInvocation()Ljava/lang/Object;+4
j  org.springframework.transaction.interceptor.TransactionAspectSupport.invokeWithinTransaction(Ljava/lang/reflect/Method;Ljava/lang/Class;Lorg/springframework/transaction/interceptor/TransactionAspectSupport$InvocationCallback;)Ljava/lang/Object;+58
j  org.springframework.transaction.interceptor.TransactionInterceptor.invoke(Lorg/aopalliance/intercept/MethodInvocation;)Ljava/lang/Object;+40
j  org.springframework.aop.framework.ReflectiveMethodInvocation.proceed()Ljava/lang/Object;+101
j  org.springframework.aop.framework.CglibAopProxy$DynamicAdvisedInterceptor.intercept(Ljava/lang/Object;Ljava/lang/reflect/Method;[Ljava/lang/Object;Lorg/springframework/cglib/proxy/MethodProxy;)Ljava/lang/Object;+112
j  com.sboss.knowledge.core.GetResultByUserContentServiceImpl$$EnhancerBySpringCGLIB$$660dcfe4.getUserContentResult(Lnet/sf/json/JSONObject;)Lnet/sf/json/JSONObject;+49
j  com.sboss.knowledge.camel.FindAnalysisResultIDProcessor.process(Lorg/apache/camel/Exchange;)V+130
j  com.sboss.knowledge.camel.FindAnalysisResultIDProcessor$$FastClassBySpringCGLIB$$b41c8282.invoke(ILjava/lang/Object;[Ljava/lang/Object;)Ljava/lang/Object;+66
j  org.springframework.cglib.proxy.MethodProxy.invoke(Ljava/lang/Object;[Ljava/lang/Object;)Ljava/lang/Object;+19
j  org.springframework.aop.framework.CglibAopProxy$CglibMethodInvocation.invokeJoinpoint()Ljava/lang/Object;+24
j  org.springframework.aop.framework.ReflectiveMethodInvocation.proceed()Ljava/lang/Object;+19
j  org.springframework.transaction.interceptor.TransactionInterceptor$1.proceedWithInvocation()Ljava/lang/Object;+4
j  org.springframework.transaction.interceptor.TransactionAspectSupport.invokeWithinTransaction(Ljava/lang/reflect/Method;Ljava/lang/Class;Lorg/springframework/transaction/interceptor/TransactionAspectSupport$InvocationCallback;)Ljava/lang/Object;+58
j  org.springframework.transaction.interceptor.TransactionInterceptor.invoke(Lorg/aopalliance/intercept/MethodInvocation;)Ljava/lang/Object;+40
j  org.springframework.aop.framework.ReflectiveMethodInvocation.proceed()Ljava/lang/Object;+101
j  org.springframework.aop.framework.CglibAopProxy$DynamicAdvisedInterceptor.intercept(Ljava/lang/Object;Ljava/lang/reflect/Method;[Ljava/lang/Object;Lorg/springframework/cglib/proxy/MethodProxy;)Ljava/lang/Object;+112
j  com.sboss.knowledge.camel.FindAnalysisResultIDProcessor$$EnhancerBySpringCGLIB$$e6f49c59.process(Lorg/apache/camel/Exchange;)V+49
j  org.apache.camel.processor.DelegateSyncProcessor.process(Lorg/apache/camel/Exchange;Lorg/apache/camel/AsyncCallback;)Z+5
j  org.apache.camel.management.InstrumentationProcessor.process(Lorg/apache/camel/Exchange;Lorg/apache/camel/AsyncCallback;)Z+47
j  org.apache.camel.processor.RedeliveryErrorHandler.process(Lorg/apache/camel/Exchange;Lorg/apache/camel/AsyncCallback;)Z+459
j  org.apache.camel.processor.CamelInternalProcessor.process(Lorg/apache/camel/Exchange;Lorg/apache/camel/AsyncCallback;)Z+310
j  org.apache.camel.processor.Pipeline.process(Lorg/apache/camel/Exchange;Lorg/apache/camel/Exchange;Lorg/apache/camel/AsyncCallback;Ljava/util/Iterator;Lorg/apache/camel/AsyncProcessor;)Z+33
j  org.apache.camel.processor.Pipeline.process(Lorg/apache/camel/Exchange;Lorg/apache/camel/AsyncCallback;)Z+71
j  org.apache.camel.processor.CamelInternalProcessor.process(Lorg/apache/camel/Exchange;Lorg/apache/camel/AsyncCallback;)Z+310
j  org.apache.camel.component.jetty.CamelContinuationServlet.service(Ljavax/servlet/http/HttpServletRequest;Ljavax/servlet/http/HttpServletResponse;)V+582
j  javax.servlet.http.HttpServlet.service(Ljavax/servlet/ServletRequest;Ljavax/servlet/ServletResponse;)V+30
j  org.eclipse.jetty.servlet.ServletHolder.handle(Lorg/eclipse/jetty/server/Request;Ljavax/servlet/ServletRequest;Ljavax/servlet/ServletResponse;)V+217
j  org.eclipse.jetty.servlet.ServletHandler$CachedChain.doFilter(Ljavax/servlet/ServletRequest;Ljavax/servlet/ServletResponse;)V+237
j  org.eclipse.jetty.servlets.MultiPartFilter.doFilter(Ljavax/servlet/ServletRequest;Ljavax/servlet/ServletResponse;Ljavax/servlet/FilterChain;)V+34
j  org.apache.camel.component.jetty.CamelFilterWrapper.doFilter(Ljavax/servlet/ServletRequest;Ljavax/servlet/ServletResponse;Ljavax/servlet/FilterChain;)V+18
j  org.eclipse.jetty.servlet.ServletHandler$CachedChain.doFilter(Ljavax/servlet/ServletRequest;Ljavax/servlet/ServletResponse;)V+100
j  org.eclipse.jetty.servlet.ServletHandler.doHandle(Ljava/lang/String;Lorg/eclipse/jetty/server/Request;Ljavax/servlet/http/HttpServletRequest;Ljavax/servlet/http/HttpServletResponse;)V+200
j  org.eclipse.jetty.server.handler.ContextHandler.doHandle(Ljava/lang/String;Lorg/eclipse/jetty/server/Request;Ljavax/servlet/http/HttpServletRequest;Ljavax/servlet/http/HttpServletResponse;)V+206
j  org.eclipse.jetty.servlet.ServletHandler.doScope(Ljava/lang/String;Lorg/eclipse/jetty/server/Request;Ljavax/servlet/http/HttpServletRequest;Ljavax/servlet/http/HttpServletResponse;)V+277
j  org.eclipse.jetty.server.handler.ContextHandler.doScope(Ljava/lang/String;Lorg/eclipse/jetty/server/Request;Ljavax/servlet/http/HttpServletRequest;Ljavax/servlet/http/HttpServletResponse;)V+437
j  org.eclipse.jetty.server.handler.ScopedHandler.handle(Ljava/lang/String;Lorg/eclipse/jetty/server/Request;Ljavax/servlet/http/HttpServletRequest;Ljavax/servlet/http/HttpServletResponse;)V+13
j  org.eclipse.jetty.server.handler.HandlerWrapper.handle(Ljava/lang/String;Lorg/eclipse/jetty/server/Request;Ljavax/servlet/http/HttpServletRequest;Ljavax/servlet/http/HttpServletResponse;)V+23
j  org.eclipse.jetty.server.Server.handle(Lorg/eclipse/jetty/server/AbstractHttpConnection;)V+146
j  org.eclipse.jetty.server.AbstractHttpConnection.handleRequest()V+328
j  org.eclipse.jetty.server.AbstractHttpConnection.content(Lorg/eclipse/jetty/io/Buffer;)V+13
j  org.eclipse.jetty.server.AbstractHttpConnection$RequestHandler.content(Lorg/eclipse/jetty/io/Buffer;)V+5
j  org.eclipse.jetty.http.HttpParser.parseNext()I+3569
j  org.eclipse.jetty.http.HttpParser.parseAvailable()Z+51
j  org.eclipse.jetty.server.AsyncHttpConnection.handle()Lorg/eclipse/jetty/io/Connection;+80
j  org.eclipse.jetty.io.nio.SelectChannelEndPoint.handle()V+10
j  org.eclipse.jetty.io.nio.SelectChannelEndPoint$1.run()V+4
j  org.eclipse.jetty.util.thread.QueuedThreadPool.runJob(Ljava/lang/Runnable;)V+1
j  org.eclipse.jetty.util.thread.QueuedThreadPool$3.run()V+47
j  java.lang.Thread.run()V+11
v  ~StubRoutines::call_stub

---------------  P R O C E S S  ---------------

Java Threads: ( => current thread )
  0x000000001ee0b800 JavaThread "Keep-Alive-Timer" daemon [_thread_blocked, id=2612, stack(0x00000000230b0000,0x00000000231b0000)]
=>0x000000001ee0a800 JavaThread "qtp69670055-21" [_thread_in_native, id=10648, stack(0x0000000022a60000,0x0000000022b60000)]
  0x000000000dbd1000 JavaThread "qtp69670055-20" [_thread_blocked, id=3504, stack(0x0000000020980000,0x0000000020a80000)]
  0x000000000dbd0000 JavaThread "qtp69670055-19" [_thread_blocked, id=7732, stack(0x0000000022890000,0x0000000022990000)]
  0x000000000e581800 JavaThread "qtp69670055-18" [_thread_blocked, id=11092, stack(0x0000000022690000,0x0000000022790000)]
  0x000000000e581000 JavaThread "qtp69670055-17" [_thread_blocked, id=6252, stack(0x0000000022550000,0x0000000022650000)]
  0x000000000e580800 JavaThread "qtp69670055-16 Acceptor0 SelectChannelConnector@0.0.0.0:8282" [_thread_in_native, id=6084, stack(0x00000000223a0000,0x00000000224a0000)]
  0x000000000e57d800 JavaThread "qtp69670055-15 Selector0" [_thread_in_native, id=9928, stack(0x00000000221c0000,0x00000000222c0000)]
  0x000000001eac7000 JavaThread "qtp69670055-14" [_thread_blocked, id=9260, stack(0x0000000020840000,0x0000000020940000)]
  0x000000000e20c000 JavaThread "Abandoned connection cleanup thread" daemon [_thread_blocked, id=3260, stack(0x000000000c810000,0x000000000c910000)]
  0x000000000cdc1800 JavaThread "ReaderThread" [_thread_in_native, id=6328, stack(0x000000000d4e0000,0x000000000d5e0000)]
  0x000000000bda9000 JavaThread "Service Thread" daemon [_thread_blocked, id=12056, stack(0x000000000c970000,0x000000000ca70000)]
  0x000000000bd34000 JavaThread "C1 CompilerThread2" daemon [_thread_blocked, id=10956, stack(0x000000000c110000,0x000000000c210000)]
  0x000000000bd30000 JavaThread "C2 CompilerThread1" daemon [_thread_blocked, id=7744, stack(0x000000000c700000,0x000000000c800000)]
  0x000000000bd1a000 JavaThread "C2 CompilerThread0" daemon [_thread_blocked, id=11912, stack(0x000000000c4c0000,0x000000000c5c0000)]
  0x000000000bd18000 JavaThread "Attach Listener" daemon [_thread_blocked, id=11752, stack(0x000000000c330000,0x000000000c430000)]
  0x000000000bd17800 JavaThread "Signal Dispatcher" daemon [_thread_blocked, id=7756, stack(0x000000000c210000,0x000000000c310000)]
  0x000000000a9fa800 JavaThread "Finalizer" daemon [_thread_blocked, id=8312, stack(0x000000000bc00000,0x000000000bd00000)]
  0x000000000a9f3800 JavaThread "Reference Handler" daemon [_thread_blocked, id=10580, stack(0x000000000b9e0000,0x000000000bae0000)]
  0x00000000025aa000 JavaThread "main" [_thread_blocked, id=7592, stack(0x00000000026f0000,0x00000000027f0000)]

Other Threads:
  0x000000000a9ed800 VMThread [stack: 0x000000000b8d0000,0x000000000b9d0000] [id=11280]
  0x000000000bdb4800 WatcherThread [stack: 0x000000000caf0000,0x000000000cbf0000] [id=12012]

VM state:not at safepoint (normal execution)

VM Mutex/Monitor currently owned by a thread: None

Heap:
 PSYoungGen      total 115200K, used 16307K [0x0000000781a00000, 0x000000078bc00000, 0x00000007c0000000)
  eden space 102912K, 12% used [0x0000000781a00000,0x00000007826ab438,0x0000000787e80000)
  from space 12288K, 27% used [0x0000000788b80000,0x0000000788ec1b78,0x0000000789780000)
  to   space 13312K, 0% used [0x0000000787e80000,0x0000000787e80000,0x0000000788b80000)
 ParOldGen       total 126976K, used 16190K [0x0000000704e00000, 0x000000070ca00000, 0x0000000781a00000)
  object space 126976K, 12% used [0x0000000704e00000,0x0000000705dcf918,0x000000070ca00000)
 Metaspace       used 39202K, capacity 39502K, committed 39936K, reserved 1083392K
  class space    used 4995K, capacity 5065K, committed 5120K, reserved 1048576K

Card table byte_map: [0x0000000002bb0000,0x0000000003190000] byte_map_base: 0xffffffffff389000

Marking Bits: (ParMarkBitMap*) 0x0000000077f74040
 Begin Bits: [0x0000000003cf0000, 0x0000000006bb8000)
 End Bits:   [0x0000000006bb8000, 0x0000000009a80000)

Polling page: 0x0000000000230000

CodeCache: size=245760Kb used=12905Kb max_used=12923Kb free=232854Kb
 bounds [0x000000000f010000, 0x000000000fcc0000, 0x000000001e010000]
 total_blobs=4144 nmethods=3615 adapters=442
 compilation: enabled

Compilation events (10 events):
Event: 11.689 Thread 0x000000000bd30000 3698       4       sun.util.calendar.CalendarDate::setHours (20 bytes)
Event: 11.689 Thread 0x000000000bd30000 nmethod 3698 0x000000000fc41a10 code [0x000000000fc41b40, 0x000000000fc41bb8]
Event: 11.689 Thread 0x000000000bd30000 3699       4       sun.util.calendar.CalendarDate::setMinutes (20 bytes)
Event: 11.690 Thread 0x000000000bd30000 nmethod 3699 0x000000000fc547d0 code [0x000000000fc54900, 0x000000000fc54978]
Event: 11.690 Thread 0x000000000bd30000 3700       4       sun.util.calendar.CalendarDate::setSeconds (20 bytes)
Event: 11.690 Thread 0x000000000bd30000 nmethod 3700 0x000000000fca3f10 code [0x000000000fca4040, 0x000000000fca40b8]
Event: 11.690 Thread 0x000000000bd30000 3701       4       sun.util.calendar.CalendarDate::setMillis (20 bytes)
Event: 11.691 Thread 0x000000000bd30000 nmethod 3701 0x000000000fca3d10 code [0x000000000fca3e40, 0x000000000fca3eb8]
Event: 11.691 Thread 0x000000000bd34000 3704       3       java.lang.String::concat (47 bytes)
Event: 11.691 Thread 0x000000000bd34000 nmethod 3704 0x000000000fca5110 code [0x000000000fca52e0, 0x000000000fca5a98]

GC Heap History (10 events):
Event: 2.485 GC heap before
{Heap before GC invocations=4 (full 1):
 PSYoungGen      total 56320K, used 7652K [0x0000000781a00000, 0x0000000788800000, 0x00000007c0000000)
  eden space 48640K, 0% used [0x0000000781a00000,0x0000000781a00000,0x0000000784980000)
  from space 7680K, 99% used [0x0000000784980000,0x00000007850f9268,0x0000000785100000)
  to   space 7680K, 0% used [0x0000000788080000,0x0000000788080000,0x0000000788800000)
 ParOldGen       total 128512K, used 3457K [0x0000000704e00000, 0x000000070cb80000, 0x0000000781a00000)
  object space 128512K, 2% used [0x0000000704e00000,0x00000007051604a8,0x000000070cb80000)
 Metaspace       used 20903K, capacity 21126K, committed 21296K, reserved 1067008K
  class space    used 2777K, capacity 2835K, committed 2944K, reserved 1048576K
Event: 2.545 GC heap after
Heap after GC invocations=4 (full 1):
 PSYoungGen      total 56320K, used 0K [0x0000000781a00000, 0x0000000788800000, 0x00000007c0000000)
  eden space 48640K, 0% used [0x0000000781a00000,0x0000000781a00000,0x0000000784980000)
  from space 7680K, 0% used [0x0000000784980000,0x0000000784980000,0x0000000785100000)
  to   space 7680K, 0% used [0x0000000788080000,0x0000000788080000,0x0000000788800000)
 ParOldGen       total 82944K, used 8874K [0x0000000704e00000, 0x0000000709f00000, 0x0000000781a00000)
  object space 82944K, 10% used [0x0000000704e00000,0x00000007056aa800,0x0000000709f00000)
 Metaspace       used 20903K, capacity 21126K, committed 21296K, reserved 1067008K
  class space    used 2777K, capacity 2835K, committed 2944K, reserved 1048576K
}
Event: 5.797 GC heap before
{Heap before GC invocations=5 (full 1):
 PSYoungGen      total 56320K, used 48640K [0x0000000781a00000, 0x0000000788800000, 0x00000007c0000000)
  eden space 48640K, 100% used [0x0000000781a00000,0x0000000784980000,0x0000000784980000)
  from space 7680K, 0% used [0x0000000784980000,0x0000000784980000,0x0000000785100000)
  to   space 7680K, 0% used [0x0000000788080000,0x0000000788080000,0x0000000788800000)
 ParOldGen       total 82944K, used 8874K [0x0000000704e00000, 0x0000000709f00000, 0x0000000781a00000)
  object space 82944K, 10% used [0x0000000704e00000,0x00000007056aa800,0x0000000709f00000)
 Metaspace       used 27704K, capacity 27980K, committed 28032K, reserved 1073152K
  class space    used 3588K, capacity 3666K, committed 3712K, reserved 1048576K
Event: 5.812 GC heap after
Heap after GC invocations=5 (full 1):
 PSYoungGen      total 79360K, used 6150K [0x0000000781a00000, 0x0000000788700000, 0x00000007c0000000)
  eden space 72704K, 0% used [0x0000000781a00000,0x0000000781a00000,0x0000000786100000)
  from space 6656K, 92% used [0x0000000788080000,0x0000000788681950,0x0000000788700000)
  to   space 7680K, 0% used [0x0000000787800000,0x0000000787800000,0x0000000787f80000)
 ParOldGen       total 82944K, used 8882K [0x0000000704e00000, 0x0000000709f00000, 0x0000000781a00000)
  object space 82944K, 10% used [0x0000000704e00000,0x00000007056ac800,0x0000000709f00000)
 Metaspace       used 27704K, capacity 27980K, committed 28032K, reserved 1073152K
  class space    used 3588K, capacity 3666K, committed 3712K, reserved 1048576K
}
Event: 10.262 GC heap before
{Heap before GC invocations=6 (full 1):
 PSYoungGen      total 79360K, used 75012K [0x0000000781a00000, 0x0000000788700000, 0x00000007c0000000)
  eden space 72704K, 94% used [0x0000000781a00000,0x0000000785d3fa80,0x0000000786100000)
  from space 6656K, 92% used [0x0000000788080000,0x0000000788681950,0x0000000788700000)
  to   space 7680K, 0% used [0x0000000787800000,0x0000000787800000,0x0000000787f80000)
 ParOldGen       total 82944K, used 8882K [0x0000000704e00000, 0x0000000709f00000, 0x0000000781a00000)
  object space 82944K, 10% used [0x0000000704e00000,0x00000007056ac800,0x0000000709f00000)
 Metaspace       used 34904K, capacity 35222K, committed 35496K, reserved 1081344K
  class space    used 4498K, capacity 4581K, committed 4608K, reserved 1048576K
Event: 10.273 GC heap after
Heap after GC invocations=6 (full 1):
 PSYoungGen      total 103936K, used 7678K [0x0000000781a00000, 0x0000000789780000, 0x00000007c0000000)
  eden space 96256K, 0% used [0x0000000781a00000,0x0000000781a00000,0x0000000787800000)
  from space 7680K, 99% used [0x0000000787800000,0x0000000787f7fad8,0x0000000787f80000)
  to   space 12288K, 0% used [0x0000000788b80000,0x0000000788b80000,0x0000000789780000)
 ParOldGen       total 82944K, used 12029K [0x0000000704e00000, 0x0000000709f00000, 0x0000000781a00000)
  object space 82944K, 14% used [0x0000000704e00000,0x00000007059bf588,0x0000000709f00000)
 Metaspace       used 34904K, capacity 35222K, committed 35496K, reserved 1081344K
  class space    used 4498K, capacity 4581K, committed 4608K, reserved 1048576K
}
Event: 10.273 GC heap before
{Heap before GC invocations=7 (full 2):
 PSYoungGen      total 103936K, used 7678K [0x0000000781a00000, 0x0000000789780000, 0x00000007c0000000)
  eden space 96256K, 0% used [0x0000000781a00000,0x0000000781a00000,0x0000000787800000)
  from space 7680K, 99% used [0x0000000787800000,0x0000000787f7fad8,0x0000000787f80000)
  to   space 12288K, 0% used [0x0000000788b80000,0x0000000788b80000,0x0000000789780000)
 ParOldGen       total 82944K, used 12029K [0x0000000704e00000, 0x0000000709f00000, 0x0000000781a00000)
  object space 82944K, 14% used [0x0000000704e00000,0x00000007059bf588,0x0000000709f00000)
 Metaspace       used 34904K, capacity 35222K, committed 35496K, reserved 1081344K
  class space    used 4498K, capacity 4581K, committed 4608K, reserved 1048576K
Event: 10.357 GC heap after
Heap after GC invocations=7 (full 2):
 PSYoungGen      total 103936K, used 0K [0x0000000781a00000, 0x0000000789780000, 0x00000007c0000000)
  eden space 96256K, 0% used [0x0000000781a00000,0x0000000781a00000,0x0000000787800000)
  from space 7680K, 0% used [0x0000000787800000,0x0000000787800000,0x0000000787f80000)
  to   space 12288K, 0% used [0x0000000788b80000,0x0000000788b80000,0x0000000789780000)
 ParOldGen       total 126976K, used 16182K [0x0000000704e00000, 0x000000070ca00000, 0x0000000781a00000)
  object space 126976K, 12% used [0x0000000704e00000,0x0000000705dcd918,0x000000070ca00000)
 Metaspace       used 34904K, capacity 35222K, committed 35496K, reserved 1081344K
  class space    used 4498K, capacity 4581K, committed 4608K, reserved 1048576K
}
Event: 11.522 GC heap before
{Heap before GC invocations=8 (full 2):
 PSYoungGen      total 103936K, used 96225K [0x0000000781a00000, 0x0000000789780000, 0x00000007c0000000)
  eden space 96256K, 99% used [0x0000000781a00000,0x00000007877f86c8,0x0000000787800000)
  from space 7680K, 0% used [0x0000000787800000,0x0000000787800000,0x0000000787f80000)
  to   space 12288K, 0% used [0x0000000788b80000,0x0000000788b80000,0x0000000789780000)
 ParOldGen       total 126976K, used 16182K [0x0000000704e00000, 0x000000070ca00000, 0x0000000781a00000)
  object space 126976K, 12% used [0x0000000704e00000,0x0000000705dcd918,0x000000070ca00000)
 Metaspace       used 37955K, capacity 38254K, committed 38784K, reserved 1083392K
  class space    used 4843K, capacity 4905K, committed 4992K, reserved 1048576K
Event: 11.525 GC heap after
Heap after GC invocations=8 (full 2):
 PSYoungGen      total 115200K, used 3334K [0x0000000781a00000, 0x000000078bc00000, 0x00000007c0000000)
  eden space 102912K, 0% used [0x0000000781a00000,0x0000000781a00000,0x0000000787e80000)
  from space 12288K, 27% used [0x0000000788b80000,0x0000000788ec1b78,0x0000000789780000)
  to   space 13312K, 0% used [0x0000000787e80000,0x0000000787e80000,0x0000000788b80000)
 ParOldGen       total 126976K, used 16190K [0x0000000704e00000, 0x000000070ca00000, 0x0000000781a00000)
  object space 126976K, 12% used [0x0000000704e00000,0x0000000705dcf918,0x000000070ca00000)
 Metaspace       used 37955K, capacity 38254K, committed 38784K, reserved 1083392K
  class space    used 4843K, capacity 4905K, committed 4992K, reserved 1048576K
}

Deoptimization events (10 events):
Event: 11.082 Thread 0x000000001ee0a800 Uncommon trap: reason=bimorphic action=maybe_recompile pc=0x000000000fbb7d20 method=java.util.regex.Pattern$Branch.match(Ljava/util/regex/Matcher;ILjava/lang/CharSequence;)Z @ 32
Event: 11.083 Thread 0x000000001ee0a800 Uncommon trap: reason=bimorphic action=maybe_recompile pc=0x000000000f1c98a0 method=java.net.URL.<init>(Ljava/net/URL;Ljava/lang/String;Ljava/net/URLStreamHandler;)V @ 504
Event: 11.314 Thread 0x000000001ee0a800 Uncommon trap: reason=bimorphic action=maybe_recompile pc=0x000000000f1c98a0 method=java.net.URL.<init>(Ljava/net/URL;Ljava/lang/String;Ljava/net/URLStreamHandler;)V @ 504
Event: 11.414 Thread 0x000000001ee0a800 Uncommon trap: reason=unstable_if action=reinterpret pc=0x000000000f1be5f0 method=sun.nio.cs.UTF_8$Decoder.decodeArrayLoop(Ljava/nio/ByteBuffer;Ljava/nio/CharBuffer;)Ljava/nio/charset/CoderResult; @ 84
Event: 11.596 Thread 0x000000001ee0a800 Uncommon trap: reason=unstable_if action=reinterpret pc=0x000000000f761bb8 method=java.lang.String.concat(Ljava/lang/String;)Ljava/lang/String; @ 6
Event: 11.612 Thread 0x000000001ee0a800 Uncommon trap: reason=unstable_if action=reinterpret pc=0x000000000f16c21c method=sun.nio.cs.UTF_8$Encoder.encode([CII[B)I @ 33
Event: 11.614 Thread 0x000000001ee0a800 Uncommon trap: reason=bimorphic action=maybe_recompile pc=0x000000000f1c98a0 method=java.net.URL.<init>(Ljava/net/URL;Ljava/lang/String;Ljava/net/URLStreamHandler;)V @ 504
Event: 11.649 Thread 0x000000001ee0a800 Uncommon trap: reason=bimorphic action=maybe_recompile pc=0x000000000f1c98a0 method=java.net.URL.<init>(Ljava/net/URL;Ljava/lang/String;Ljava/net/URLStreamHandler;)V @ 504
Event: 11.665 Thread 0x000000001ee0a800 Uncommon trap: reason=bimorphic action=maybe_recompile pc=0x000000000f80f8a0 method=java.util.Properties$LineReader.readLine()I @ 62
Event: 11.665 Thread 0x000000001ee0a800 Uncommon trap: reason=unstable_if action=reinterpret pc=0x000000000f80f7fc method=java.util.Properties$LineReader.readLine()I @ 328

Internal exceptions (10 events):
Event: 6.332 Thread 0x00000000025aa000 Exception <a 'java/lang/ClassNotFoundException': org/apache/camel/support/ServiceSupportCustomizer> (0x0000000783d75420) thrown at [D:\re\workspace\8-2-build-windows-amd64-cygwin\jdk8u40\2855\hotspot\src\share\vm\classfile\systemDictionary.cpp, line 210]
Event: 6.333 Thread 0x00000000025aa000 Exception <a 'java/lang/ClassNotFoundException': org/apache/camel/impl/DefaultComponentCustomizer> (0x0000000783d97aa8) thrown at [D:\re\workspace\8-2-build-windows-amd64-cygwin\jdk8u40\2855\hotspot\src\share\vm\classfile\systemDictionary.cpp, line 210]
Event: 6.334 Thread 0x00000000025aa000 Exception <a 'java/lang/ClassNotFoundException': org/apache/camel/impl/UriEndpointComponentCustomizer> (0x0000000783dcbec0) thrown at [D:\re\workspace\8-2-build-windows-amd64-cygwin\jdk8u40\2855\hotspot\src\share\vm\classfile\systemDictionary.cpp, line 210
Event: 6.337 Thread 0x00000000025aa000 Exception <a 'java/lang/ClassNotFoundException': org/apache/camel/impl/HeaderFilterStrategyComponentCustomizer> (0x0000000783dff9d8) thrown at [D:\re\workspace\8-2-build-windows-amd64-cygwin\jdk8u40\2855\hotspot\src\share\vm\classfile\systemDictionary.cpp,ô¶=7[Z@
Event: 6.338 Thread 0x00000000025aa000 Exception <a 'java/lang/ClassNotFoundException': org/apache/camel/component/http/HttpComponentCustomizer> (0x0000000783e23af0) thrown at [D:\re\workspace\8-2-build-windows-amd64-cygwin\jdk8u40\2855\hotspot\src\share\vm\classfile\systemDictionary.cpp, line G¸nfÎ[@
Event: 6.340 Thread 0x00000000025aa000 Exception <a 'java/lang/ClassNotFoundException': org/apache/camel/component/jetty/JettyHttpComponentCustomizer> (0x0000000783e53788) thrown at [D:\re\workspace\8-2-build-windows-amd64-cygwin\jdk8u40\2855\hotspot\src\share\vm\classfile\systemDictionary.cpp,aQ	þ0ˆ@
Event: 6.633 Thread 0x00000000025aa000 Exception <a 'java/lang/ClassNotFoundException': com/sboss/knowledge/test/CamelTestBeanInfo> (0x000000078554ce98) thrown at [D:\re\workspace\8-2-build-windows-amd64-cygwin\jdk8u40\2855\hotspot\src\share\vm\classfile\systemDictionary.cpp, line 210]
Event: 6.634 Thread 0x00000000025aa000 Exception <a 'java/lang/ClassNotFoundException': com/sboss/knowledge/test/CamelTestCustomizer> (0x0000000785562e60) thrown at [D:\re\workspace\8-2-build-windows-amd64-cygwin\jdk8u40\2855\hotspot\src\share\vm\classfile\systemDictionary.cpp, line 210]
Event: 10.196 Thread 0x000000000e57d800 Implicit null exception at 0x000000000f84b822 to 0x000000000f84bb75
Event: 10.736 Thread 0x000000001ee0a800 Exception <a 'java/io/FileNotFoundException'> (0x00000007820dfee8) thrown at [D:\re\workspace\8-2-build-windows-amd64-cygwin\jdk8u40\2855\hotspot\src\share\vm\prims\jni.cpp, line 709]

Events (10 events):
Event: 11.702 loading class com/sun/jna/Callback
Event: 11.702 loading class com/sun/jna/Callback done
Event: 11.702 loading class com/sun/jna/NativeString
Event: 11.702 loading class com/sun/jna/NativeString done
Event: 11.703 loading class com/sun/jna/Memory$SharedMemory
Event: 11.703 loading class com/sun/jna/Memory$SharedMemory done
Event: 11.703 loading class com/sun/jna/WString
Event: 11.703 loading class com/sun/jna/WString done
Event: 11.704 loading class com/sun/jna/Function$PostCallRead
Event: 11.704 loading class com/sun/jna/Function$PostCallRead done


Dynamic libraries:
0x000000013fa10000 - 0x000000013fa47000 	C:\Program Files\Java\jre1.8.0_40\bin\javaw.exe
0x0000000076d50000 - 0x0000000076efb000 	C:\Windows\SYSTEM32\ntdll.dll
0x0000000076b30000 - 0x0000000076c4f000 	C:\Windows\system32\kernel32.dll
0x000007fefce60000 - 0x000007fefcecc000 	C:\Windows\system32\KERNELBASE.dll
0x000007fefd5a0000 - 0x000007fefd67b000 	C:\Windows\system32\ADVAPI32.dll
0x000007fefec30000 - 0x000007fefeccf000 	C:\Windows\system32\msvcrt.dll
0x000007feff020000 - 0x000007feff03f000 	C:\Windows\SYSTEM32\sechost.dll
0x000007fefe9f0000 - 0x000007fefeb1e000 	C:\Windows\system32\RPCRT4.dll
0x0000000076c50000 - 0x0000000076d4a000 	C:\Windows\system32\USER32.dll
0x000007fefefb0000 - 0x000007feff017000 	C:\Windows\system32\GDI32.dll
0x000007fefebd0000 - 0x000007fefebde000 	C:\Windows\system32\LPK.dll
0x000007fefd890000 - 0x000007fefd95a000 	C:\Windows\system32\USP10.dll
0x000007fefc5a0000 - 0x000007fefc794000 	C:\Windows\WinSxS\amd64_microsoft.windows.common-controls_6595b64144ccf1df_6.0.7600.16385_none_fa645303170382f6\COMCTL32.dll
0x000007fefef30000 - 0x000007fefefa1000 	C:\Windows\system32\SHLWAPI.dll
0x000007fefd440000 - 0x000007fefd46e000 	C:\Windows\system32\IMM32.DLL
0x000007fefd330000 - 0x000007fefd439000 	C:\Windows\system32\MSCTF.dll
0x000007fefcc70000 - 0x000007fefcca1000 	C:\Windows\system32\nvinitx.dll
0x000007fefcc60000 - 0x000007fefcc6c000 	C:\Windows\system32\VERSION.dll
0x000000000f000000 - 0x000000000f006000 	C:\Program Files\NVIDIA Corporation\CoProcManager\detoured.dll
0x000007fefc560000 - 0x000007fefc591000 	C:\Program Files\NVIDIA Corporation\CoProcManager\nvd3d9wrapx.dll
0x000007fefe810000 - 0x000007fefe9e7000 	C:\Windows\system32\SETUPAPI.dll
0x000007fefd040000 - 0x000007fefd076000 	C:\Windows\system32\CFGMGR32.dll
0x000007fefd250000 - 0x000007fefd327000 	C:\Windows\system32\OLEAUT32.dll
0x000007fefd680000 - 0x000007fefd881000 	C:\Windows\system32\ole32.dll
0x000007fefce40000 - 0x000007fefce5a000 	C:\Windows\system32\DEVOBJ.dll
0x000007fefbc10000 - 0x000007fefbc32000 	C:\Program Files\NVIDIA Corporation\CoProcManager\nvdxgiwrapx.dll
0x0000000066060000 - 0x0000000066132000 	C:\Program Files\Java\jre1.8.0_40\bin\msvcr100.dll
0x0000000077770000 - 0x0000000077ff3000 	C:\Program Files\Java\jre1.8.0_40\bin\server\jvm.dll
0x000007fefa550000 - 0x000007fefa559000 	C:\Windows\system32\WSOCK32.dll
0x000007fefebe0000 - 0x000007fefec2d000 	C:\Windows\system32\WS2_32.dll
0x000007fefebc0000 - 0x000007fefebc8000 	C:\Windows\system32\NSI.dll
0x000007fefa790000 - 0x000007fefa7cb000 	C:\Windows\system32\WINMM.dll
0x0000000076f20000 - 0x0000000076f27000 	C:\Windows\system32\PSAPI.DLL
0x0000000073740000 - 0x000000007374f000 	C:\Program Files\Java\jre1.8.0_40\bin\verify.dll
0x000000006da20000 - 0x000000006da49000 	C:\Program Files\Java\jre1.8.0_40\bin\java.dll
0x000000006da00000 - 0x000000006da16000 	C:\Program Files\Java\jre1.8.0_40\bin\zip.dll
0x000007fefda00000 - 0x000007fefe787000 	C:\Windows\system32\SHELL32.dll
0x000007fefccb0000 - 0x000007fefccbf000 	C:\Windows\system32\profapi.dll
0x000000006d790000 - 0x000000006d7aa000 	C:\Program Files\Java\jre1.8.0_40\bin\net.dll
0x000007fefc190000 - 0x000007fefc1e4000 	C:\Windows\system32\mswsock.dll
0x000007fefc180000 - 0x000007fefc187000 	C:\Windows\System32\wship6.dll
0x000007fefc220000 - 0x000007fefc237000 	C:\Windows\system32\CRYPTSP.dll
0x000007fefbef0000 - 0x000007fefbf37000 	C:\Windows\system32\rsaenh.dll
0x000007fefbca0000 - 0x000007fefbcbe000 	C:\Windows\system32\USERENV.dll
0x000007fefcb50000 - 0x000007fefcb5f000 	C:\Windows\system32\CRYPTBASE.dll
0x000007fef9d50000 - 0x000007fef9d77000 	C:\Windows\system32\IPHLPAPI.DLL
0x000007fef9d40000 - 0x000007fef9d4b000 	C:\Windows\system32\WINNSI.DLL
0x000007fef9540000 - 0x000007fef9558000 	C:\Windows\system32\dhcpcsvc.DLL
0x000007fef9520000 - 0x000007fef9531000 	C:\Windows\system32\dhcpcsvc6.DLL
0x000000006d7b0000 - 0x000000006d7c1000 	C:\Program Files\Java\jre1.8.0_40\bin\nio.dll
0x000007fefa770000 - 0x000007fefa785000 	C:\Windows\system32\NLAapi.dll
0x000007fefc010000 - 0x000007fefc06b000 	C:\Windows\system32\DNSAPI.dll
0x000007fef9d80000 - 0x000007fef9d8b000 	C:\Windows\System32\winrnr.dll
0x000007fef8040000 - 0x000007fef8055000 	C:\Windows\system32\napinsp.dll
0x000007fef8020000 - 0x000007fef8039000 	C:\Windows\system32\pnrpnsp.dll
0x000007fef8010000 - 0x000007fef8020000 	C:\Windows\system32\wshbth.dll
0x000007fefb6c0000 - 0x000007fefb6c7000 	C:\Windows\System32\wshtcpip.dll
0x000007fef9d10000 - 0x000007fef9d18000 	C:\Windows\system32\rasadhlp.dll
0x000007fef9420000 - 0x000007fef9473000 	C:\Windows\System32\fwpuclnt.dll
0x00000000747c0000 - 0x00000000747cd000 	C:\Program Files\Java\jre1.8.0_40\bin\management.dll
0x0000000180000000 - 0x0000000180031000 	C:\Users\idot\AppData\Local\Temp\jna6552780186915128914.tmp
0x000007fee9780000 - 0x000007fee99ce000 	E:\AILAB\knowledge\target\classes\lib\NLPIR.DLL
0x000007fefb7a0000 - 0x000007fefb810000 	C:\Windows\system32\WINSPOOL.DRV
0x000007fefd960000 - 0x000007fefd9f8000 	C:\Windows\system32\COMDLG32.dll
0x000007fef9d00000 - 0x000007fef9d07000 	C:\Windows\system32\MSIMG32.dll
0x000007fef9e80000 - 0x000007fef9ed4000 	C:\Windows\system32\OLEACC.dll
0x000007fefac30000 - 0x000007fefae45000 	C:\Windows\WinSxS\amd64_microsoft.windows.gdiplus_6595b64144ccf1df_1.1.7600.16385_none_2b4f45e87195fcc4\gdiplus.dll
0x000007fefae50000 - 0x000007fefaea6000 	C:\Windows\system32\UxTheme.dll
0x000007fefaa50000 - 0x000007fefaa68000 	C:\Windows\system32\dwmapi.dll
0x000007fef83a0000 - 0x000007fef84c5000 	C:\Windows\system32\dbghelp.dll

VM Arguments:
jvm_args: -Dfile.encoding=UTF-8 
java_command: org.eclipse.jdt.internal.junit.runner.RemoteTestRunner -version 3 -port 56127 -testLoaderClass org.eclipse.jdt.internal.junit4.runner.JUnit4TestLoader -loaderpluginname org.eclipse.jdt.junit4.runtime -classNames com.sboss.knowledge.test.CamelTest
java_class_path (initial): E:\AILAB\knowledge\target\test-classes;E:\AILAB\knowledge\target\classes;C:\Users\idot\.m2\repository\org\springframework\spring-context\3.2.11.RELEASE\spring-context-3.2.11.RELEASE.jar;C:\Users\idot\.m2\repository\org\springframework\spring-aop\3.2.11.RELEASE\spring-aop-3.2.11.RELEASE.jar;C:\Users\idot\.m2\repository\aopalliance\aopalliance\1.0\aopalliance-1.0.jar;C:\Users\idot\.m2\repository\org\springframework\spring-beans\3.2.11.RELEASE\spring-beans-3.2.11.RELEASE.jar;C:\Users\idot\.m2\repository\org\springframework\spring-core\3.2.11.RELEASE\spring-core-3.2.11.RELEASE.jar;C:\Users\idot\.m2\repository\org\springframework\spring-expression\3.2.11.RELEASE\spring-expression-3.2.11.RELEASE.jar;C:\Users\idot\.m2\repository\org\springframework\spring-tx\3.2.11.RELEASE\spring-tx-3.2.11.RELEASE.jar;C:\Users\idot\.m2\repository\org\springframework\spring-orm\3.2.11.RELEASE\spring-orm-3.2.11.RELEASE.jar;C:\Users\idot\.m2\repository\org\springframework\spring-jdbc\3.2.11.RELEASE\spring-jdbc-3.2.11.RELEASE.jar;C:\Users\idot\.m2\repository\org\springframework\retry\spring-retry\1.1.2.RELEASE\spring-retry-1.1.2.RELEASE.jar;C:\Users\idot\.m2\repository\org\apache\felix\org.apache.felix.framework\4.4.1\org.apache.felix.framework-4.4.1.jar;C:\Users\idot\.m2\repository\org\hibernate\hibernate-entitymanager\4.2.15.Final\hibernate-entitymanager-4.2.15.Final.jar;C:\Users\idot\.m2\repository\org\jboss\logging\jboss-logging\3.1.0.GA\jboss-logging-3.1.0.GA.jar;C:\Users\idot\.m2\repository\org\javassist\javassist\3.18.1-GA\javassist-3.18.1-GA.jar;C:\Users\idot\.m2\repository\org\jboss\spec\javax\transaction\jboss-transaction-api_1.1_spec\1.0.1.Final\jboss-transaction-api_1.1_spec-1.0.1.Final.jar;C:\Users\idot\.m2\repository\org\hibernate\javax\persistence\hibernate-jpa-2.0-api\1.0.1.Final\hibernate-jpa-2.0-api-1.0.1.Final.jar;C:\Users\idot\.m2\repository\org\hibernate\common\hibernate-commons-annotations\4.0.2.Final\hibernate-commons-annotations-4.0.2.Final.
Launcher Type: SUN_STANDARD

Environment Variables:
JAVA_HOME=C:\Program Files\Java\jdk1.8.0_40
CLASSPATH=C:\Program Files\Java\jdk1.8.0_40\lib;C:\Program Files\apache-maven-3.2.5\lib;C:\Program Files (x86)\Java\jdk1.7.0_79\lib;C:\Program Files\Java\jdk1.8.0_40\lib\tools.jar;
PATH=C:/Program Files/Java/jre1.8.0_40/bin/server;C:/Program Files/Java/jre1.8.0_40/bin;C:/Program Files/Java/jre1.8.0_40/lib/amd64;C:\Windows\system32;C:\Windows;C:\Windows\System32\Wbem;C:\Windows\System32\WindowsPowerShell\v1.0\;C:\Program Files\Java\jdk1.8.0_40\bin;C:\Program Files\Java\jdk1.8.0_40\jre\bin;C:\Program Files\apache-maven-3.2.5\bin;D:\Program Files (x86)\Git\bin;C:\Program Files\TortoiseGit\bin;C:\Program Files (x86)\Java\jdk1.7.0_79\bin;E:\opencv\build\x86\vc11\bin;c:\Program Files (x86)\Microsoft SQL Server\100\Tools\Binn\;c:\Program Files\Microsoft SQL Server\100\Tools\Binn\;c:\Program Files\Microsoft SQL Server\100\DTS\Binn\;C:\Program Files\MATLAB\R2012b\runtime\win64;C:\Program Files\MATLAB\R2012b\bin;C:\Python27;C:\Python27\Scripts;C:\MinGW\bin;C:\Program Files (x86)\MySQL\MySQL Fabric 1.5 & MySQL Utilities 1.5\;C:\Program Files (x86)\MySQL\MySQL Fabric 1.5 & MySQL Utilities 1.5\Doctrine extensions for PHP\;F:\eclipse_esb;
USERNAME=idot
OS=Windows_NT
PROCESSOR_IDENTIFIER=Intel64 Family 6 Model 60 Stepping 3, GenuineIntel



---------------  S Y S T E M  ---------------

OS: Windows 7 , 64 bit Build 7600 (6.1.7600.17179)

CPU:total 4 (2 cores per cpu, 2 threads per core) family 6 model 60 stepping 3, cmov, cx8, fxsr, mmx, sse, sse2, sse3, ssse3, sse4.1, sse4.2, popcnt, clmul, erms, lzcnt, ht, tsc, tscinvbit, bmi1, bmi2

Memory: 4k page, physical 12263164k(5491420k free), swap 24524424k(16106804k free)

vm_info: Java HotSpot(TM) 64-Bit Server VM (25.40-b25) for windows-amd64 JRE (1.8.0_40-b25), built on Feb 10 2015 21:53:57 by "java_re" with MS VC++ 10.0 (VS2010)

time: Mon Nov 23 17:15:26 2015
elapsed time: 11 seconds (0d 0h 0m 11s)

